<?xml version="1.0" encoding="UTF-8"?>
<testsuites name="Mocha Tests" time="0.0500" tests="2" failures="0">
  <testsuite name="Root Suite" timestamp="2020-11-10T19:29:58" tests="0" time="0.0000" failures="0">
  </testsuite>
  <testsuite name="spring-boot" timestamp="2020-11-10T19:29:58" tests="2" file="/home/milena/Documents/spring-boot/it/spring-boot_test.js" time="0.0500" failures="0">
    <testcase name="spring-boot: Verify a successful call" time="0.0380" classname="Verify a successful call">
    </testcase>
    <testcase name="spring-boot: Verify return value" time="0.0120" classname="Verify return value">
    </testcase>
  </testsuite>
</testsuites>